This is pdfTeX, Version 3.14159265-2.6-1.40.19 (TeX Live 2018/W32TeX) (preloaded format=pdflatex 2018.9.8)  24 AUG 2019 17:21
entering extended mode
 restricted \write18 enabled.
 %&-line parsing enabled.
**MultiJacobi.tex
(./MultiJacobi.tex
LaTeX2e <2018-04-01> patch level 2
Babel <3.18> and hyphenation patterns for 84 language(s) loaded.
(c:/texlive/2018/texmf-dist/tex/latex/base/article.cls
Document Class: article 2014/09/29 v1.4h Standard LaTeX document class
(c:/texlive/2018/texmf-dist/tex/latex/base/size11.clo
File: size11.clo 2014/09/29 v1.4h Standard LaTeX file (size option)
)
\c@part=\count80
\c@section=\count81
\c@subsection=\count82
\c@subsubsection=\count83
\c@paragraph=\count84
\c@subparagraph=\count85
\c@figure=\count86
\c@table=\count87
\abovecaptionskip=\skip41
\belowcaptionskip=\skip42
\bibindent=\dimen102
)
(c:/texlive/2018/texmf-dist/tex/latex/geometry/geometry.sty
Package: geometry 2018/03/24 v5.7 Page Geometry

(c:/texlive/2018/texmf-dist/tex/latex/graphics/keyval.sty
Package: keyval 2014/10/28 v1.15 key=value parser (DPC)
\KV@toks@=\toks14
)
(c:/texlive/2018/texmf-dist/tex/generic/oberdiek/ifpdf.sty
Package: ifpdf 2017/03/15 v3.2 Provides the ifpdf switch
)
(c:/texlive/2018/texmf-dist/tex/generic/oberdiek/ifvtex.sty
Package: ifvtex 2016/05/16 v1.6 Detect VTeX and its facilities (HO)
Package ifvtex Info: VTeX not detected.
)
(c:/texlive/2018/texmf-dist/tex/generic/ifxetex/ifxetex.sty
Package: ifxetex 2010/09/12 v0.6 Provides ifxetex conditional
)
\Gm@cnth=\count88
\Gm@cntv=\count89
\c@Gm@tempcnt=\count90
\Gm@bindingoffset=\dimen103
\Gm@wd@mp=\dimen104
\Gm@odd@mp=\dimen105
\Gm@even@mp=\dimen106
\Gm@layoutwidth=\dimen107
\Gm@layoutheight=\dimen108
\Gm@layouthoffset=\dimen109
\Gm@layoutvoffset=\dimen110
\Gm@dimlist=\toks15
)
(c:/texlive/2018/texmf-dist/tex/latex/pgf/frontendlayer/tikz.sty
(c:/texlive/2018/texmf-dist/tex/latex/pgf/basiclayer/pgf.sty
(c:/texlive/2018/texmf-dist/tex/latex/pgf/utilities/pgfrcs.sty
(c:/texlive/2018/texmf-dist/tex/generic/pgf/utilities/pgfutil-common.tex
\pgfutil@everybye=\toks16
\pgfutil@tempdima=\dimen111
\pgfutil@tempdimb=\dimen112

(c:/texlive/2018/texmf-dist/tex/generic/pgf/utilities/pgfutil-common-lists.tex)
) (c:/texlive/2018/texmf-dist/tex/generic/pgf/utilities/pgfutil-latex.def
\pgfutil@abb=\box26

(c:/texlive/2018/texmf-dist/tex/latex/ms/everyshi.sty
Package: everyshi 2001/05/15 v3.00 EveryShipout Package (MS)
))
(c:/texlive/2018/texmf-dist/tex/generic/pgf/utilities/pgfrcs.code.tex
Package: pgfrcs 2015/08/07 v3.0.1a (rcs-revision 1.31)
))
Package: pgf 2015/08/07 v3.0.1a (rcs-revision 1.15)

(c:/texlive/2018/texmf-dist/tex/latex/pgf/basiclayer/pgfcore.sty
(c:/texlive/2018/texmf-dist/tex/latex/graphics/graphicx.sty
Package: graphicx 2017/06/01 v1.1a Enhanced LaTeX Graphics (DPC,SPQR)

(c:/texlive/2018/texmf-dist/tex/latex/graphics/graphics.sty
Package: graphics 2017/06/25 v1.2c Standard LaTeX Graphics (DPC,SPQR)

(c:/texlive/2018/texmf-dist/tex/latex/graphics/trig.sty
Package: trig 2016/01/03 v1.10 sin cos tan (DPC)
)
(c:/texlive/2018/texmf-dist/tex/latex/graphics-cfg/graphics.cfg
File: graphics.cfg 2016/06/04 v1.11 sample graphics configuration
)
Package graphics Info: Driver file: pdftex.def on input line 99.

(c:/texlive/2018/texmf-dist/tex/latex/graphics-def/pdftex.def
File: pdftex.def 2018/01/08 v1.0l Graphics/color driver for pdftex
))
\Gin@req@height=\dimen113
\Gin@req@width=\dimen114
)
(c:/texlive/2018/texmf-dist/tex/latex/pgf/systemlayer/pgfsys.sty
(c:/texlive/2018/texmf-dist/tex/generic/pgf/systemlayer/pgfsys.code.tex
Package: pgfsys 2014/07/09 v3.0.1a (rcs-revision 1.48)

(c:/texlive/2018/texmf-dist/tex/generic/pgf/utilities/pgfkeys.code.tex
\pgfkeys@pathtoks=\toks17
\pgfkeys@temptoks=\toks18

(c:/texlive/2018/texmf-dist/tex/generic/pgf/utilities/pgfkeysfiltered.code.tex
\pgfkeys@tmptoks=\toks19
))
\pgf@x=\dimen115
\pgf@y=\dimen116
\pgf@xa=\dimen117
\pgf@ya=\dimen118
\pgf@xb=\dimen119
\pgf@yb=\dimen120
\pgf@xc=\dimen121
\pgf@yc=\dimen122
\w@pgf@writea=\write3
\r@pgf@reada=\read1
\c@pgf@counta=\count91
\c@pgf@countb=\count92
\c@pgf@countc=\count93
\c@pgf@countd=\count94
\t@pgf@toka=\toks20
\t@pgf@tokb=\toks21
\t@pgf@tokc=\toks22
 (c:/texlive/2018/texmf-dist/tex/generic/pgf/systemlayer/pgf.cfg
File: pgf.cfg 2008/05/14  (rcs-revision 1.7)
)
Driver file for pgf: pgfsys-pdftex.def

(c:/texlive/2018/texmf-dist/tex/generic/pgf/systemlayer/pgfsys-pdftex.def
File: pgfsys-pdftex.def 2014/10/11  (rcs-revision 1.35)

(c:/texlive/2018/texmf-dist/tex/generic/pgf/systemlayer/pgfsys-common-pdf.def
File: pgfsys-common-pdf.def 2013/10/10  (rcs-revision 1.13)
)))
(c:/texlive/2018/texmf-dist/tex/generic/pgf/systemlayer/pgfsyssoftpath.code.tex
File: pgfsyssoftpath.code.tex 2013/09/09  (rcs-revision 1.9)
\pgfsyssoftpath@smallbuffer@items=\count95
\pgfsyssoftpath@bigbuffer@items=\count96
)
(c:/texlive/2018/texmf-dist/tex/generic/pgf/systemlayer/pgfsysprotocol.code.tex
File: pgfsysprotocol.code.tex 2006/10/16  (rcs-revision 1.4)
)) (c:/texlive/2018/texmf-dist/tex/latex/xcolor/xcolor.sty
Package: xcolor 2016/05/11 v2.12 LaTeX color extensions (UK)

(c:/texlive/2018/texmf-dist/tex/latex/graphics-cfg/color.cfg
File: color.cfg 2016/01/02 v1.6 sample color configuration
)
Package xcolor Info: Driver file: pdftex.def on input line 225.
Package xcolor Info: Model `cmy' substituted by `cmy0' on input line 1348.
Package xcolor Info: Model `hsb' substituted by `rgb' on input line 1352.
Package xcolor Info: Model `RGB' extended on input line 1364.
Package xcolor Info: Model `HTML' substituted by `rgb' on input line 1366.
Package xcolor Info: Model `Hsb' substituted by `hsb' on input line 1367.
Package xcolor Info: Model `tHsb' substituted by `hsb' on input line 1368.
Package xcolor Info: Model `HSB' substituted by `hsb' on input line 1369.
Package xcolor Info: Model `Gray' substituted by `gray' on input line 1370.
Package xcolor Info: Model `wave' substituted by `hsb' on input line 1371.
)
(c:/texlive/2018/texmf-dist/tex/generic/pgf/basiclayer/pgfcore.code.tex
Package: pgfcore 2010/04/11 v3.0.1a (rcs-revision 1.7)

(c:/texlive/2018/texmf-dist/tex/generic/pgf/math/pgfmath.code.tex
(c:/texlive/2018/texmf-dist/tex/generic/pgf/math/pgfmathcalc.code.tex
(c:/texlive/2018/texmf-dist/tex/generic/pgf/math/pgfmathutil.code.tex)
(c:/texlive/2018/texmf-dist/tex/generic/pgf/math/pgfmathparser.code.tex
\pgfmath@dimen=\dimen123
\pgfmath@count=\count97
\pgfmath@box=\box27
\pgfmath@toks=\toks23
\pgfmath@stack@operand=\toks24
\pgfmath@stack@operation=\toks25
)
(c:/texlive/2018/texmf-dist/tex/generic/pgf/math/pgfmathfunctions.code.tex
(c:/texlive/2018/texmf-dist/tex/generic/pgf/math/pgfmathfunctions.basic.code.te
x)
(c:/texlive/2018/texmf-dist/tex/generic/pgf/math/pgfmathfunctions.trigonometric
.code.tex)
(c:/texlive/2018/texmf-dist/tex/generic/pgf/math/pgfmathfunctions.random.code.t
ex)
(c:/texlive/2018/texmf-dist/tex/generic/pgf/math/pgfmathfunctions.comparison.co
de.tex)
(c:/texlive/2018/texmf-dist/tex/generic/pgf/math/pgfmathfunctions.base.code.tex
)
(c:/texlive/2018/texmf-dist/tex/generic/pgf/math/pgfmathfunctions.round.code.te
x)
(c:/texlive/2018/texmf-dist/tex/generic/pgf/math/pgfmathfunctions.misc.code.tex
)
(c:/texlive/2018/texmf-dist/tex/generic/pgf/math/pgfmathfunctions.integerarithm
etics.code.tex)))
(c:/texlive/2018/texmf-dist/tex/generic/pgf/math/pgfmathfloat.code.tex
\c@pgfmathroundto@lastzeros=\count98
))
(c:/texlive/2018/texmf-dist/tex/generic/pgf/basiclayer/pgfcorepoints.code.tex
File: pgfcorepoints.code.tex 2013/10/07  (rcs-revision 1.27)
\pgf@picminx=\dimen124
\pgf@picmaxx=\dimen125
\pgf@picminy=\dimen126
\pgf@picmaxy=\dimen127
\pgf@pathminx=\dimen128
\pgf@pathmaxx=\dimen129
\pgf@pathminy=\dimen130
\pgf@pathmaxy=\dimen131
\pgf@xx=\dimen132
\pgf@xy=\dimen133
\pgf@yx=\dimen134
\pgf@yy=\dimen135
\pgf@zx=\dimen136
\pgf@zy=\dimen137
)
(c:/texlive/2018/texmf-dist/tex/generic/pgf/basiclayer/pgfcorepathconstruct.cod
e.tex
File: pgfcorepathconstruct.code.tex 2013/10/07  (rcs-revision 1.29)
\pgf@path@lastx=\dimen138
\pgf@path@lasty=\dimen139
)
(c:/texlive/2018/texmf-dist/tex/generic/pgf/basiclayer/pgfcorepathusage.code.te
x
File: pgfcorepathusage.code.tex 2014/11/02  (rcs-revision 1.24)
\pgf@shorten@end@additional=\dimen140
\pgf@shorten@start@additional=\dimen141
)
(c:/texlive/2018/texmf-dist/tex/generic/pgf/basiclayer/pgfcorescopes.code.tex
File: pgfcorescopes.code.tex 2015/05/08  (rcs-revision 1.46)
\pgfpic=\box28
\pgf@hbox=\box29
\pgf@layerbox@main=\box30
\pgf@picture@serial@count=\count99
)
(c:/texlive/2018/texmf-dist/tex/generic/pgf/basiclayer/pgfcoregraphicstate.code
.tex
File: pgfcoregraphicstate.code.tex 2014/11/02  (rcs-revision 1.12)
\pgflinewidth=\dimen142
)
(c:/texlive/2018/texmf-dist/tex/generic/pgf/basiclayer/pgfcoretransformations.c
ode.tex
File: pgfcoretransformations.code.tex 2015/08/07  (rcs-revision 1.20)
\pgf@pt@x=\dimen143
\pgf@pt@y=\dimen144
\pgf@pt@temp=\dimen145
)
(c:/texlive/2018/texmf-dist/tex/generic/pgf/basiclayer/pgfcorequick.code.tex
File: pgfcorequick.code.tex 2008/10/09  (rcs-revision 1.3)
)
(c:/texlive/2018/texmf-dist/tex/generic/pgf/basiclayer/pgfcoreobjects.code.tex
File: pgfcoreobjects.code.tex 2006/10/11  (rcs-revision 1.2)
)
(c:/texlive/2018/texmf-dist/tex/generic/pgf/basiclayer/pgfcorepathprocessing.co
de.tex
File: pgfcorepathprocessing.code.tex 2013/09/09  (rcs-revision 1.9)
)
(c:/texlive/2018/texmf-dist/tex/generic/pgf/basiclayer/pgfcorearrows.code.tex
File: pgfcorearrows.code.tex 2015/05/14  (rcs-revision 1.43)
\pgfarrowsep=\dimen146
)
(c:/texlive/2018/texmf-dist/tex/generic/pgf/basiclayer/pgfcoreshade.code.tex
File: pgfcoreshade.code.tex 2013/07/15  (rcs-revision 1.15)
\pgf@max=\dimen147
\pgf@sys@shading@range@num=\count100
)
(c:/texlive/2018/texmf-dist/tex/generic/pgf/basiclayer/pgfcoreimage.code.tex
File: pgfcoreimage.code.tex 2013/07/15  (rcs-revision 1.18)

(c:/texlive/2018/texmf-dist/tex/generic/pgf/basiclayer/pgfcoreexternal.code.tex
File: pgfcoreexternal.code.tex 2014/07/09  (rcs-revision 1.21)
\pgfexternal@startupbox=\box31
))
(c:/texlive/2018/texmf-dist/tex/generic/pgf/basiclayer/pgfcorelayers.code.tex
File: pgfcorelayers.code.tex 2013/07/18  (rcs-revision 1.7)
)
(c:/texlive/2018/texmf-dist/tex/generic/pgf/basiclayer/pgfcoretransparency.code
.tex
File: pgfcoretransparency.code.tex 2013/09/30  (rcs-revision 1.5)
)
(c:/texlive/2018/texmf-dist/tex/generic/pgf/basiclayer/pgfcorepatterns.code.tex
File: pgfcorepatterns.code.tex 2013/11/07  (rcs-revision 1.5)
)))
(c:/texlive/2018/texmf-dist/tex/generic/pgf/modules/pgfmoduleshapes.code.tex
File: pgfmoduleshapes.code.tex 2014/03/21  (rcs-revision 1.35)
\pgfnodeparttextbox=\box32
)
(c:/texlive/2018/texmf-dist/tex/generic/pgf/modules/pgfmoduleplot.code.tex
File: pgfmoduleplot.code.tex 2015/08/03  (rcs-revision 1.13)
)
(c:/texlive/2018/texmf-dist/tex/latex/pgf/compatibility/pgfcomp-version-0-65.st
y
Package: pgfcomp-version-0-65 2007/07/03 v3.0.1a (rcs-revision 1.7)
\pgf@nodesepstart=\dimen148
\pgf@nodesepend=\dimen149
)
(c:/texlive/2018/texmf-dist/tex/latex/pgf/compatibility/pgfcomp-version-1-18.st
y
Package: pgfcomp-version-1-18 2007/07/23 v3.0.1a (rcs-revision 1.1)
)) (c:/texlive/2018/texmf-dist/tex/latex/pgf/utilities/pgffor.sty
(c:/texlive/2018/texmf-dist/tex/latex/pgf/utilities/pgfkeys.sty
(c:/texlive/2018/texmf-dist/tex/generic/pgf/utilities/pgfkeys.code.tex))
(c:/texlive/2018/texmf-dist/tex/latex/pgf/math/pgfmath.sty
(c:/texlive/2018/texmf-dist/tex/generic/pgf/math/pgfmath.code.tex))
(c:/texlive/2018/texmf-dist/tex/generic/pgf/utilities/pgffor.code.tex
Package: pgffor 2013/12/13 v3.0.1a (rcs-revision 1.25)

(c:/texlive/2018/texmf-dist/tex/generic/pgf/math/pgfmath.code.tex)
\pgffor@iter=\dimen150
\pgffor@skip=\dimen151
\pgffor@stack=\toks26
\pgffor@toks=\toks27
))
(c:/texlive/2018/texmf-dist/tex/generic/pgf/frontendlayer/tikz/tikz.code.tex
Package: tikz 2015/08/07 v3.0.1a (rcs-revision 1.151)

(c:/texlive/2018/texmf-dist/tex/generic/pgf/libraries/pgflibraryplothandlers.co
de.tex
File: pgflibraryplothandlers.code.tex 2013/08/31 v3.0.1a (rcs-revision 1.20)
\pgf@plot@mark@count=\count101
\pgfplotmarksize=\dimen152
)
\tikz@lastx=\dimen153
\tikz@lasty=\dimen154
\tikz@lastxsaved=\dimen155
\tikz@lastysaved=\dimen156
\tikzleveldistance=\dimen157
\tikzsiblingdistance=\dimen158
\tikz@figbox=\box33
\tikz@figbox@bg=\box34
\tikz@tempbox=\box35
\tikz@tempbox@bg=\box36
\tikztreelevel=\count102
\tikznumberofchildren=\count103
\tikznumberofcurrentchild=\count104
\tikz@fig@count=\count105

(c:/texlive/2018/texmf-dist/tex/generic/pgf/modules/pgfmodulematrix.code.tex
File: pgfmodulematrix.code.tex 2013/09/17  (rcs-revision 1.8)
\pgfmatrixcurrentrow=\count106
\pgfmatrixcurrentcolumn=\count107
\pgf@matrix@numberofcolumns=\count108
)
\tikz@expandcount=\count109

(c:/texlive/2018/texmf-dist/tex/generic/pgf/frontendlayer/tikz/libraries/tikzli
brarytopaths.code.tex
File: tikzlibrarytopaths.code.tex 2008/06/17 v3.0.1a (rcs-revision 1.2)
)))
(c:/texlive/2018/texmf-dist/tex/generic/pgf/frontendlayer/tikz/libraries/tikzli
braryshapes.code.tex
File: tikzlibraryshapes.code.tex 2008/01/09 v3.0.1a (rcs-revision 1.1)

(c:/texlive/2018/texmf-dist/tex/generic/pgf/frontendlayer/tikz/libraries/tikzli
braryshapes.geometric.code.tex
File: tikzlibraryshapes.geometric.code.tex 2008/01/09 v3.0.1a (rcs-revision 1.1
)

(c:/texlive/2018/texmf-dist/tex/generic/pgf/libraries/shapes/pgflibraryshapes.g
eometric.code.tex
File: pgflibraryshapes.geometric.code.tex 2008/06/26 v3.0.1a (rcs-revision 1.1)

))
(c:/texlive/2018/texmf-dist/tex/generic/pgf/frontendlayer/tikz/libraries/tikzli
braryshapes.misc.code.tex
File: tikzlibraryshapes.misc.code.tex 2008/01/09 v3.0.1a (rcs-revision 1.1)

(c:/texlive/2018/texmf-dist/tex/generic/pgf/libraries/shapes/pgflibraryshapes.m
isc.code.tex
File: pgflibraryshapes.misc.code.tex 2013/07/18 v3.0.1a (rcs-revision 1.5)
))
(c:/texlive/2018/texmf-dist/tex/generic/pgf/frontendlayer/tikz/libraries/tikzli
braryshapes.symbols.code.tex
File: tikzlibraryshapes.symbols.code.tex 2008/01/09 v3.0.1a (rcs-revision 1.1)

(c:/texlive/2018/texmf-dist/tex/generic/pgf/libraries/shapes/pgflibraryshapes.s
ymbols.code.tex
File: pgflibraryshapes.symbols.code.tex 2013/09/11 v3.0.1a (rcs-revision 1.6)
))
(c:/texlive/2018/texmf-dist/tex/generic/pgf/frontendlayer/tikz/libraries/tikzli
braryshapes.arrows.code.tex
File: tikzlibraryshapes.arrows.code.tex 2008/01/09 v3.0.1a (rcs-revision 1.1)

(c:/texlive/2018/texmf-dist/tex/generic/pgf/libraries/shapes/pgflibraryshapes.a
rrows.code.tex
File: pgflibraryshapes.arrows.code.tex 2008/06/26 v3.0.1a (rcs-revision 1.1)
))
(c:/texlive/2018/texmf-dist/tex/generic/pgf/frontendlayer/tikz/libraries/tikzli
braryshapes.callouts.code.tex
(c:/texlive/2018/texmf-dist/tex/generic/pgf/libraries/shapes/pgflibraryshapes.c
allouts.code.tex))
(c:/texlive/2018/texmf-dist/tex/generic/pgf/frontendlayer/tikz/libraries/tikzli
braryshapes.multipart.code.tex
File: tikzlibraryshapes.multipart.code.tex 2008/01/09 v3.0.1a (rcs-revision 1.1
)

(c:/texlive/2018/texmf-dist/tex/generic/pgf/libraries/shapes/pgflibraryshapes.m
ultipart.code.tex
File: pgflibraryshapes.multipart.code.tex 2010/01/07 v3.0.1a (rcs-revision 1.2)

\pgfnodepartlowerbox=\box37
\pgfnodeparttwobox=\box38
\pgfnodepartthreebox=\box39
\pgfnodepartfourbox=\box40
\pgfnodeparttwentybox=\box41
\pgfnodepartnineteenbox=\box42
\pgfnodeparteighteenbox=\box43
\pgfnodepartseventeenbox=\box44
\pgfnodepartsixteenbox=\box45
\pgfnodepartfifteenbox=\box46
\pgfnodepartfourteenbox=\box47
\pgfnodepartthirteenbox=\box48
\pgfnodeparttwelvebox=\box49
\pgfnodepartelevenbox=\box50
\pgfnodeparttenbox=\box51
\pgfnodepartninebox=\box52
\pgfnodeparteightbox=\box53
\pgfnodepartsevenbox=\box54
\pgfnodepartsixbox=\box55
\pgfnodepartfivebox=\box56
)))
(c:/texlive/2018/texmf-dist/tex/generic/pgf/frontendlayer/tikz/libraries/tikzli
braryarrows.code.tex
File: tikzlibraryarrows.code.tex 2008/01/09 v3.0.1a (rcs-revision 1.1)

(c:/texlive/2018/texmf-dist/tex/generic/pgf/libraries/pgflibraryarrows.code.tex
File: pgflibraryarrows.code.tex 2013/09/23 v3.0.1a (rcs-revision 1.16)
\arrowsize=\dimen159
))
(c:/texlive/2018/texmf-dist/tex/generic/pgf/frontendlayer/tikz/libraries/tikzli
brarymatrix.code.tex
File: tikzlibrarymatrix.code.tex 2013/07/12 v3.0.1a (rcs-revision 1.4)
)
(c:/texlive/2018/texmf-dist/tex/generic/pgf/frontendlayer/tikz/libraries/tikzli
brarypatterns.code.tex
File: tikzlibrarypatterns.code.tex 2008/01/15 v3.0.1a (rcs-revision 1.2)

(c:/texlive/2018/texmf-dist/tex/generic/pgf/libraries/pgflibrarypatterns.code.t
ex
File: pgflibrarypatterns.code.tex 2008/03/03 v3.0.1a (rcs-revision 1.13)
))
(c:/texlive/2018/texmf-dist/tex/generic/pgf/frontendlayer/tikz/libraries/tikzli
brarypositioning.code.tex
File: tikzlibrarypositioning.code.tex 2008/10/06 v3.0.1a (rcs-revision 1.7)
)
(c:/texlive/2018/texmf-dist/tex/latex/diagbox/diagbox.sty
Package: diagbox 2016/12/28 v2.2 Making table heads with diagonal lines

(c:/texlive/2018/texmf-dist/tex/latex/pict2e/pict2e.sty
Package: pict2e 2016/02/05 v0.3b Improved picture commands (HjG,RN,JT)

(c:/texlive/2018/texmf-dist/tex/latex/pict2e/pict2e.cfg
File: pict2e.cfg 2016/02/05 v0.1u pict2e configuration for teTeX/TeXLive
)
Package pict2e Info: Driver file: pdftex.def on input line 119.
Package pict2e Info: Driver file for pict2e: p2e-pdftex.def on input line 121.

(c:/texlive/2018/texmf-dist/tex/latex/pict2e/p2e-pdftex.def
File: p2e-pdftex.def 2016/02/05 v0.1u Driver-dependant file (RN,HjG,JT)
)
\pIIe@GRAPH=\toks28
\@arclen=\dimen160
\@arcrad=\dimen161
\@tempdimd=\dimen162
)
(c:/texlive/2018/texmf-dist/tex/latex/fp/fp.sty
Package: fp 1995/04/02

`Fixed Point Package', Version 0.8, April 2, 1995 (C) Michael Mehlich
(c:/texlive/2018/texmf-dist/tex/latex/fp/defpattern.sty
Package: defpattern 1994/10/12
\actioncount=\count110
)
(c:/texlive/2018/texmf-dist/tex/latex/fp/fp-basic.sty
Package: fp-basic 1996/05/13
\FP@xs=\count111
\FP@xia=\count112
\FP@xib=\count113
\FP@xfa=\count114
\FP@xfb=\count115
\FP@rega=\count116
\FP@regb=\count117
\FP@regs=\count118
\FP@times=\count119
)
(c:/texlive/2018/texmf-dist/tex/latex/fp/fp-addons.sty
Package: fp-addons 1995/03/15
)
(c:/texlive/2018/texmf-dist/tex/latex/fp/fp-snap.sty
Package: fp-snap 1995/04/05
)
(c:/texlive/2018/texmf-dist/tex/latex/fp/fp-exp.sty
Package: fp-exp 1995/04/03
)
(c:/texlive/2018/texmf-dist/tex/latex/fp/fp-trigo.sty
Package: fp-trigo 1995/04/14
)
(c:/texlive/2018/texmf-dist/tex/latex/fp/fp-pas.sty
Package: fp-pas 1994/08/29
)
(c:/texlive/2018/texmf-dist/tex/latex/fp/fp-random.sty
Package: fp-random 1995/02/23
\FPseed=\count120
)
(c:/texlive/2018/texmf-dist/tex/latex/fp/fp-eqn.sty
Package: fp-eqn 1995/04/03
)
(c:/texlive/2018/texmf-dist/tex/latex/fp/fp-upn.sty
Package: fp-upn 1996/10/21
)
(c:/texlive/2018/texmf-dist/tex/latex/fp/fp-eval.sty
Package: fp-eval 1995/04/03
))
(c:/texlive/2018/texmf-dist/tex/latex/tools/calc.sty
Package: calc 2017/05/25 v4.3 Infix arithmetic (KKT,FJ)
\calc@Acount=\count121
\calc@Bcount=\count122
\calc@Adimen=\dimen163
\calc@Bdimen=\dimen164
\calc@Askip=\skip43
\calc@Bskip=\skip44
LaTeX Info: Redefining \setlength on input line 80.
LaTeX Info: Redefining \addtolength on input line 81.
\calc@Ccount=\count123
\calc@Cskip=\skip45
)
(c:/texlive/2018/texmf-dist/tex/latex/tools/array.sty
Package: array 2018/04/07 v2.4g Tabular extension package (FMi)
\col@sep=\dimen165
\ar@mcellbox=\box57
\extrarowheight=\dimen166
\NC@list=\toks29
\extratabsurround=\skip46
\backup@length=\skip47
\ar@cellbox=\box58
)
\diagbox@boxa=\box59
\diagbox@boxb=\box60
\diagbox@boxm=\box61
\diagbox@wd=\dimen167
\diagbox@ht=\dimen168
\diagbox@insepl=\dimen169
\diagbox@insepr=\dimen170
\diagbox@outsepl=\dimen171
\diagbox@outsepr=\dimen172
)
(c:/texlive/2018/texmf-dist/tex/latex/algorithms/algorithmic.sty
Package: algorithmic 2009/08/24 v0.1 Document Style `algorithmic'

(c:/texlive/2018/texmf-dist/tex/latex/base/ifthen.sty
Package: ifthen 2014/09/29 v1.1c Standard LaTeX ifthen package (DPC)
)
\c@ALC@unique=\count124
\c@ALC@line=\count125
\c@ALC@rem=\count126
\c@ALC@depth=\count127
\ALC@tlm=\skip48
\algorithmicindent=\skip49
)
(c:/texlive/2018/texmf-dist/tex/latex/amsfonts/amssymb.sty
Package: amssymb 2013/01/14 v3.01 AMS font symbols

(c:/texlive/2018/texmf-dist/tex/latex/amsfonts/amsfonts.sty
Package: amsfonts 2013/01/14 v3.01 Basic AMSFonts support
\@emptytoks=\toks30
\symAMSa=\mathgroup4
\symAMSb=\mathgroup5
LaTeX Font Info:    Overwriting math alphabet `\mathfrak' in version `bold'
(Font)                  U/euf/m/n --> U/euf/b/n on input line 106.
))
(c:/texlive/2018/texmf-dist/tex/latex/oberdiek/epstopdf.sty
Package: epstopdf 2016/05/15 v2.6 Conversion with epstopdf on the fly (HO)

(c:/texlive/2018/texmf-dist/tex/latex/oberdiek/epstopdf-base.sty
Package: epstopdf-base 2016/05/15 v2.6 Base part for package epstopdf

(c:/texlive/2018/texmf-dist/tex/generic/oberdiek/infwarerr.sty
Package: infwarerr 2016/05/16 v1.4 Providing info/warning/error messages (HO)
)
(c:/texlive/2018/texmf-dist/tex/latex/oberdiek/grfext.sty
Package: grfext 2016/05/16 v1.2 Manage graphics extensions (HO)

(c:/texlive/2018/texmf-dist/tex/generic/oberdiek/kvdefinekeys.sty
Package: kvdefinekeys 2016/05/16 v1.4 Define keys (HO)

(c:/texlive/2018/texmf-dist/tex/generic/oberdiek/ltxcmds.sty
Package: ltxcmds 2016/05/16 v1.23 LaTeX kernel commands for general use (HO)
)))
(c:/texlive/2018/texmf-dist/tex/latex/oberdiek/kvoptions.sty
Package: kvoptions 2016/05/16 v3.12 Key value format for package options (HO)

(c:/texlive/2018/texmf-dist/tex/generic/oberdiek/kvsetkeys.sty
Package: kvsetkeys 2016/05/16 v1.17 Key value parser (HO)

(c:/texlive/2018/texmf-dist/tex/generic/oberdiek/etexcmds.sty
Package: etexcmds 2016/05/16 v1.6 Avoid name clashes with e-TeX commands (HO)

(c:/texlive/2018/texmf-dist/tex/generic/oberdiek/ifluatex.sty
Package: ifluatex 2016/05/16 v1.4 Provides the ifluatex switch (HO)
Package ifluatex Info: LuaTeX not detected.
)
Package etexcmds Info: Could not find \expanded.
(etexcmds)             That can mean that you are not using pdfTeX 1.50 or
(etexcmds)             that some package has redefined \expanded.
(etexcmds)             In the latter case, load this package earlier.
)))
(c:/texlive/2018/texmf-dist/tex/generic/oberdiek/pdftexcmds.sty
Package: pdftexcmds 2018/01/30 v0.27 Utility functions of pdfTeX for LuaTeX (HO
)
Package pdftexcmds Info: LuaTeX not detected.
Package pdftexcmds Info: \pdf@primitive is available.
Package pdftexcmds Info: \pdf@ifprimitive is available.
Package pdftexcmds Info: \pdfdraftmode found.
)
Package epstopdf-base Info: Redefining graphics rule for `.eps' on input line 4
38.
Package grfext Info: Graphics extension search list:
(grfext)             [.pdf,.png,.jpg,.mps,.jpeg,.jbig2,.jb2,.PDF,.PNG,.JPG,.JPE
G,.JBIG2,.JB2,.eps]
(grfext)             \AppendGraphicsExtensions on input line 456.

(c:/texlive/2018/texmf-dist/tex/latex/latexconfig/epstopdf-sys.cfg
File: epstopdf-sys.cfg 2010/07/13 v1.3 Configuration of (r)epstopdf for TeX Liv
e
)))
(c:/texlive/2018/texmf-dist/tex/latex/algorithm2e/algorithm2e.sty
Package: algorithm2e 2017/07/18 v5.2 algorithms environments
\c@AlgoLine=\count128
\algocf@hangindent=\skip50

(c:/texlive/2018/texmf-dist/tex/latex/ifoddpage/ifoddpage.sty
Package: ifoddpage 2016/04/23 v1.1 Conditionals for odd/even page detection
\c@checkoddpage=\count129
)
(c:/texlive/2018/texmf-dist/tex/latex/tools/xspace.sty
Package: xspace 2014/10/28 v1.13 Space after command names (DPC,MH)
)
(c:/texlive/2018/texmf-dist/tex/latex/relsize/relsize.sty
Package: relsize 2013/03/29 ver 4.1
)
\skiptotal=\skip51
\skiplinenumber=\skip52
\skiprule=\skip53
\skiphlne=\skip54
\skiptext=\skip55
\skiplength=\skip56
\algomargin=\skip57
\skipalgocfslide=\skip58
\algowidth=\dimen173
\inoutsize=\dimen174
\inoutindent=\dimen175
\interspacetitleruled=\dimen176
\interspacealgoruled=\dimen177
\interspacetitleboxruled=\dimen178
\algocf@ruledwidth=\skip59
\algocf@inoutbox=\box62
\algocf@inputbox=\box63
\AlCapSkip=\skip60
\AlCapHSkip=\skip61
\algoskipindent=\skip62
\algocf@nlbox=\box64
\algocf@hangingbox=\box65
\algocf@untilbox=\box66
\algocf@skipuntil=\skip63
\algocf@capbox=\box67
\algocf@lcaptionbox=\skip64
\algoheightruledefault=\skip65
\algoheightrule=\skip66
\algotitleheightruledefault=\skip67
\algotitleheightrule=\skip68
\c@algocfline=\count130
\c@algocfproc=\count131
\c@algocf=\count132
\algocf@algoframe=\box68
\algocf@algobox=\box69
)
(c:/texlive/2018/texmf-dist/tex/latex/float/float.sty
Package: float 2001/11/08 v1.3d Float enhancements (AL)
\c@float@type=\count133
\float@exts=\toks31
\float@box=\box70
\@float@everytoks=\toks32
\@floatcapt=\box71
)
(c:/texlive/2018/texmf-dist/tex/latex/amsmath/amsmath.sty
Package: amsmath 2017/09/02 v2.17a AMS math features
\@mathmargin=\skip69

For additional information on amsmath, use the `?' option.
(c:/texlive/2018/texmf-dist/tex/latex/amsmath/amstext.sty
Package: amstext 2000/06/29 v2.01 AMS text

(c:/texlive/2018/texmf-dist/tex/latex/amsmath/amsgen.sty
File: amsgen.sty 1999/11/30 v2.0 generic functions
\@emptytoks=\toks33
\ex@=\dimen179
))
(c:/texlive/2018/texmf-dist/tex/latex/amsmath/amsbsy.sty
Package: amsbsy 1999/11/29 v1.2d Bold Symbols
\pmbraise@=\dimen180
)
(c:/texlive/2018/texmf-dist/tex/latex/amsmath/amsopn.sty
Package: amsopn 2016/03/08 v2.02 operator names
)
\inf@bad=\count134
LaTeX Info: Redefining \frac on input line 213.
\uproot@=\count135
\leftroot@=\count136
LaTeX Info: Redefining \overline on input line 375.
\classnum@=\count137
\DOTSCASE@=\count138
LaTeX Info: Redefining \ldots on input line 472.
LaTeX Info: Redefining \dots on input line 475.
LaTeX Info: Redefining \cdots on input line 596.
\Mathstrutbox@=\box72
\strutbox@=\box73
\big@size=\dimen181
LaTeX Font Info:    Redeclaring font encoding OML on input line 712.
LaTeX Font Info:    Redeclaring font encoding OMS on input line 713.
\macc@depth=\count139
\c@MaxMatrixCols=\count140
\dotsspace@=\muskip10
\c@parentequation=\count141
\dspbrk@lvl=\count142
\tag@help=\toks34
\row@=\count143
\column@=\count144
\maxfields@=\count145
\andhelp@=\toks35
\eqnshift@=\dimen182
\alignsep@=\dimen183
\tagshift@=\dimen184
\tagwidth@=\dimen185
\totwidth@=\dimen186
\lineht@=\dimen187
\@envbody=\toks36
\multlinegap=\skip70
\multlinetaggap=\skip71
\mathdisplay@stack=\toks37
LaTeX Info: Redefining \[ on input line 2817.
LaTeX Info: Redefining \] on input line 2818.
)
(c:/texlive/2018/texmf-dist/tex/latex/amscls/amsthm.sty
Package: amsthm 2017/10/31 v2.20.4
\thm@style=\toks38
\thm@bodyfont=\toks39
\thm@headfont=\toks40
\thm@notefont=\toks41
\thm@headpunct=\toks42
\thm@preskip=\skip72
\thm@postskip=\skip73
\thm@headsep=\skip74
\dth@everypar=\toks43
)
(c:/texlive/2018/texmf-dist/tex/latex/tools/bm.sty
Package: bm 2017/01/16 v1.2c Bold Symbol Support (DPC/FMi)
\symboldoperators=\mathgroup6
\symboldletters=\mathgroup7
\symboldsymbols=\mathgroup8
LaTeX Font Info:    Redeclaring math alphabet \mathbf on input line 141.
LaTeX Info: Redefining \bm on input line 207.
)
(c:/texlive/2018/texmf-dist/tex/latex/graphics/epsfig.sty
Package: epsfig 2017/06/25 v1.7b (e)psfig emulation (SPQR)
\epsfxsize=\dimen188
\epsfysize=\dimen189
)
(c:/texlive/2018/texmf-dist/tex/latex/tools/enumerate.sty
Package: enumerate 2015/07/23 v3.00 enumerate extensions (DPC)
\@enLab=\toks44
)
(c:/texlive/2018/texmf-dist/tex/latex/caption/caption.sty
Package: caption 2016/02/21 v3.3-144 Customizing captions (AR)

(c:/texlive/2018/texmf-dist/tex/latex/caption/caption3.sty
Package: caption3 2016/05/22 v1.7-166 caption3 kernel (AR)
Package caption3 Info: TeX engine: e-TeX on input line 67.
\captionmargin=\dimen190
\captionmargin@=\dimen191
\captionwidth=\dimen192
\caption@tempdima=\dimen193
\caption@indent=\dimen194
\caption@parindent=\dimen195
\caption@hangindent=\dimen196
)
\c@ContinuedFloat=\count146
Package caption Info: float package is loaded.
)
(c:/texlive/2018/texmf-dist/tex/latex/hyperref/hyperref.sty
Package: hyperref 2018/02/06 v6.86b Hypertext links for LaTeX

(c:/texlive/2018/texmf-dist/tex/generic/oberdiek/hobsub-hyperref.sty
Package: hobsub-hyperref 2016/05/16 v1.14 Bundle oberdiek, subset hyperref (HO)


(c:/texlive/2018/texmf-dist/tex/generic/oberdiek/hobsub-generic.sty
Package: hobsub-generic 2016/05/16 v1.14 Bundle oberdiek, subset generic (HO)
Package: hobsub 2016/05/16 v1.14 Construct package bundles (HO)
Package hobsub Info: Skipping package `infwarerr' (already loaded).
Package hobsub Info: Skipping package `ltxcmds' (already loaded).
Package hobsub Info: Skipping package `ifluatex' (already loaded).
Package hobsub Info: Skipping package `ifvtex' (already loaded).
Package: intcalc 2016/05/16 v1.2 Expandable calculations with integers (HO)
Package hobsub Info: Skipping package `ifpdf' (already loaded).
Package hobsub Info: Skipping package `etexcmds' (already loaded).
Package hobsub Info: Skipping package `kvsetkeys' (already loaded).
Package hobsub Info: Skipping package `kvdefinekeys' (already loaded).
Package hobsub Info: Skipping package `pdftexcmds' (already loaded).
Package: pdfescape 2016/05/16 v1.14 Implements pdfTeX's escape features (HO)
Package: bigintcalc 2016/05/16 v1.4 Expandable calculations on big integers (HO
)
Package: bitset 2016/05/16 v1.2 Handle bit-vector datatype (HO)
Package: uniquecounter 2016/05/16 v1.3 Provide unlimited unique counter (HO)
)
Package hobsub Info: Skipping package `hobsub' (already loaded).
Package: letltxmacro 2016/05/16 v1.5 Let assignment for LaTeX macros (HO)
Package: hopatch 2016/05/16 v1.3 Wrapper for package hooks (HO)
Package: xcolor-patch 2016/05/16 xcolor patch
Package: atveryend 2016/05/16 v1.9 Hooks at the very end of document (HO)
Package atveryend Info: \enddocument detected (standard20110627).
Package: atbegshi 2016/06/09 v1.18 At begin shipout hook (HO)
Package: refcount 2016/05/16 v3.5 Data extraction from label references (HO)
Package: hycolor 2016/05/16 v1.8 Color options for hyperref/bookmark (HO)
)
(c:/texlive/2018/texmf-dist/tex/latex/oberdiek/auxhook.sty
Package: auxhook 2016/05/16 v1.4 Hooks for auxiliary files (HO)
)
\@linkdim=\dimen197
\Hy@linkcounter=\count147
\Hy@pagecounter=\count148

(c:/texlive/2018/texmf-dist/tex/latex/hyperref/pd1enc.def
File: pd1enc.def 2018/02/06 v6.86b Hyperref: PDFDocEncoding definition (HO)
Now handling font encoding PD1 ...
... no UTF-8 mapping file for font encoding PD1
)
\Hy@SavedSpaceFactor=\count149

(c:/texlive/2018/texmf-dist/tex/latex/latexconfig/hyperref.cfg
File: hyperref.cfg 2002/06/06 v1.2 hyperref configuration of TeXLive
)
Package hyperref Info: Hyper figures OFF on input line 4509.
Package hyperref Info: Link nesting OFF on input line 4514.
Package hyperref Info: Hyper index ON on input line 4517.
Package hyperref Info: Plain pages OFF on input line 4524.
Package hyperref Info: Backreferencing OFF on input line 4529.
Package hyperref Info: Implicit mode ON; LaTeX internals redefined.
Package hyperref Info: Bookmarks ON on input line 4762.
\c@Hy@tempcnt=\count150

(c:/texlive/2018/texmf-dist/tex/latex/url/url.sty
\Urlmuskip=\muskip11
Package: url 2013/09/16  ver 3.4  Verb mode for urls, etc.
)
LaTeX Info: Redefining \url on input line 5115.
\XeTeXLinkMargin=\dimen198
\Fld@menulength=\count151
\Field@Width=\dimen199
\Fld@charsize=\dimen256
Package hyperref Info: Hyper figures OFF on input line 6369.
Package hyperref Info: Link nesting OFF on input line 6374.
Package hyperref Info: Hyper index ON on input line 6377.
Package hyperref Info: backreferencing OFF on input line 6384.
Package hyperref Info: Link coloring OFF on input line 6389.
Package hyperref Info: Link coloring with OCG OFF on input line 6394.
Package hyperref Info: PDF/A mode OFF on input line 6399.
LaTeX Info: Redefining \ref on input line 6439.
LaTeX Info: Redefining \pageref on input line 6443.
\Hy@abspage=\count152
\c@Item=\count153
\c@Hfootnote=\count154
)
Package hyperref Info: Driver (autodetected): hpdftex.

(c:/texlive/2018/texmf-dist/tex/latex/hyperref/hpdftex.def
File: hpdftex.def 2018/02/06 v6.86b Hyperref driver for pdfTeX
\Fld@listcount=\count155
\c@bookmark@seq@number=\count156

(c:/texlive/2018/texmf-dist/tex/latex/oberdiek/rerunfilecheck.sty
Package: rerunfilecheck 2016/05/16 v1.8 Rerun checks for auxiliary files (HO)
Package uniquecounter Info: New unique counter `rerunfilecheck' on input line 2
82.
)
\Hy@SectionHShift=\skip75
)
(c:/texlive/2018/texmf-dist/tex/latex/booktabs/booktabs.sty
Package: booktabs 2016/04/27 v1.618033 publication quality tables
\heavyrulewidth=\dimen257
\lightrulewidth=\dimen258
\cmidrulewidth=\dimen259
\belowrulesep=\dimen260
\belowbottomsep=\dimen261
\aboverulesep=\dimen262
\abovetopsep=\dimen263
\cmidrulesep=\dimen264
\cmidrulekern=\dimen265
\defaultaddspace=\dimen266
\@cmidla=\count157
\@cmidlb=\count158
\@aboverulesep=\dimen267
\@belowrulesep=\dimen268
\@thisruleclass=\count159
\@lastruleclass=\count160
\@thisrulewidth=\dimen269
)
(c:/texlive/2018/texmf-dist/tex/latex/multirow/multirow.sty
Package: multirow 2016/11/25 v2.2 Span multiple rows of a table
\multirow@colwidth=\skip76
\multirow@cntb=\count161
\multirow@dima=\skip77
\bigstrutjot=\dimen270
)
(c:/texlive/2018/texmf-dist/tex/latex/tabu/tabu.sty
Package: tabu 2011/02/26 v2.8 - flexible LaTeX tabulars (FC)

(c:/texlive/2018/texmf-dist/tex/latex/varwidth/varwidth.sty
Package: varwidth 2009/03/30 ver 0.92;  Variable-width minipages
\@vwid@box=\box74
\sift@deathcycles=\count162
\@vwid@loff=\dimen271
\@vwid@roff=\dimen272
)
\c@taburow=\count163
\tabu@nbcols=\count164
\tabu@cnt=\count165
\tabu@Xcol=\count166
\tabu@alloc=\count167
\tabu@nested=\count168
\tabu@target=\dimen273
\tabu@spreadtarget=\dimen274
\tabu@naturalX=\dimen275
\tabucolX=\dimen276
\tabu@Xsum=\dimen277
\extrarowdepth=\dimen278
\abovetabulinesep=\dimen279
\belowtabulinesep=\dimen280
\tabustrutrule=\dimen281
\tabu@thebody=\toks45
\tabu@footnotes=\toks46
\tabu@box=\box75
\tabu@arstrutbox=\box76
\tabu@hleads=\box77
\tabu@vleads=\box78
\tabu@cellskip=\skip78
)
(c:/texlive/2018/texmf-dist/tex/latex/breqn/breqn.sty
(c:/texlive/2018/texmf-dist/tex/latex/l3kernel/expl3.sty
Package: expl3 2018/03/05 L3 programming layer (loader) 

(c:/texlive/2018/texmf-dist/tex/latex/l3kernel/expl3-code.tex
Package: expl3 2018/03/05 L3 programming layer (code)
\c_max_int=\count169
\l_tmpa_int=\count170
\l_tmpb_int=\count171
\g_tmpa_int=\count172
\g_tmpb_int=\count173
\g__intarray_font_int=\count174
\g__prg_map_int=\count175
\c_log_iow=\count176
\l_iow_line_count_int=\count177
\l__iow_line_target_int=\count178
\l__iow_one_indent_int=\count179
\l__iow_indent_int=\count180
\c_zero_dim=\dimen282
\c_max_dim=\dimen283
\l_tmpa_dim=\dimen284
\l_tmpb_dim=\dimen285
\g_tmpa_dim=\dimen286
\g_tmpb_dim=\dimen287
\c_zero_skip=\skip79
\c_max_skip=\skip80
\l_tmpa_skip=\skip81
\l_tmpb_skip=\skip82
\g_tmpa_skip=\skip83
\g_tmpb_skip=\skip84
\c_zero_muskip=\muskip12
\c_max_muskip=\muskip13
\l_tmpa_muskip=\muskip14
\l_tmpb_muskip=\muskip15
\g_tmpa_muskip=\muskip16
\g_tmpb_muskip=\muskip17
\l_keys_choice_int=\count181
\c__fp_leading_shift_int=\count182
\c__fp_middle_shift_int=\count183
\c__fp_trailing_shift_int=\count184
\c__fp_big_leading_shift_int=\count185
\c__fp_big_middle_shift_int=\count186
\c__fp_big_trailing_shift_int=\count187
\c__fp_Bigg_leading_shift_int=\count188
\c__fp_Bigg_middle_shift_int=\count189
\c__fp_Bigg_trailing_shift_int=\count190
\c__fp_rand_size_int=\count191
\c__fp_rand_four_int=\count192
\c__fp_rand_eight_int=\count193
\l__sort_length_int=\count194
\l__sort_min_int=\count195
\l__sort_top_int=\count196
\l__sort_max_int=\count197
\l__sort_true_max_int=\count198
\l__sort_block_int=\count199
\l__sort_begin_int=\count266
\l__sort_end_int=\count267
\l__sort_A_int=\count268
\l__sort_B_int=\count269
\l__sort_C_int=\count270
\l__tl_build_start_index_int=\count271
\l__tl_build_index_int=\count272
\l__tl_analysis_normal_int=\count273
\l__tl_analysis_index_int=\count274
\l__tl_analysis_nesting_int=\count275
\l__tl_analysis_type_int=\count276
\l__regex_internal_a_int=\count277
\l__regex_internal_b_int=\count278
\l__regex_internal_c_int=\count279
\l__regex_balance_int=\count280
\l__regex_group_level_int=\count281
\l__regex_mode_int=\count282
\c__regex_cs_in_class_mode_int=\count283
\c__regex_cs_mode_int=\count284
\l__regex_catcodes_int=\count285
\l__regex_default_catcodes_int=\count286
\c__regex_catcode_D_int=\count287
\c__regex_catcode_S_int=\count288
\c__regex_catcode_L_int=\count289
\c__regex_catcode_O_int=\count290
\c__regex_catcode_A_int=\count291
\c__regex_all_catcodes_int=\count292
\l__regex_show_lines_int=\count293
\l__regex_min_state_int=\count294
\l__regex_max_state_int=\count295
\l__regex_left_state_int=\count296
\l__regex_right_state_int=\count297
\l__regex_capturing_group_int=\count298
\l__regex_min_pos_int=\count299
\l__regex_max_pos_int=\count300
\l__regex_curr_pos_int=\count301
\l__regex_start_pos_int=\count302
\l__regex_success_pos_int=\count303
\l__regex_curr_char_int=\count304
\l__regex_curr_catcode_int=\count305
\l__regex_last_char_int=\count306
\l__regex_case_changed_char_int=\count307
\l__regex_curr_state_int=\count308
\l__regex_step_int=\count309
\l__regex_min_active_int=\count310
\l__regex_max_active_int=\count311
\l__regex_replacement_csnames_int=\count312
\l__regex_match_count_int=\count313
\l__regex_min_submatch_int=\count314
\l__regex_submatch_int=\count315
\l__regex_zeroth_submatch_int=\count316
\g__regex_trace_regex_int=\count317
\c_empty_box=\box79
\l_tmpa_box=\box80
\l_tmpb_box=\box81
\g_tmpa_box=\box82
\g_tmpb_box=\box83
\l__box_top_dim=\dimen288
\l__box_bottom_dim=\dimen289
\l__box_left_dim=\dimen290
\l__box_right_dim=\dimen291
\l__box_top_new_dim=\dimen292
\l__box_bottom_new_dim=\dimen293
\l__box_left_new_dim=\dimen294
\l__box_right_new_dim=\dimen295
\l__box_internal_box=\box84
\l__coffin_internal_box=\box85
\l__coffin_internal_dim=\dimen296
\l__coffin_offset_x_dim=\dimen297
\l__coffin_offset_y_dim=\dimen298
\l__coffin_x_dim=\dimen299
\l__coffin_y_dim=\dimen300
\l__coffin_x_prime_dim=\dimen301
\l__coffin_y_prime_dim=\dimen302
\c_empty_coffin=\box86
\l__coffin_aligned_coffin=\box87
\l__coffin_aligned_internal_coffin=\box88
\l_tmpa_coffin=\box89
\l_tmpb_coffin=\box90
\l__coffin_display_coffin=\box91
\l__coffin_display_coord_coffin=\box92
\l__coffin_display_pole_coffin=\box93
\l__coffin_display_offset_dim=\dimen303
\l__coffin_display_x_dim=\dimen304
\l__coffin_display_y_dim=\dimen305
\l__coffin_bounding_shift_dim=\dimen306
\l__coffin_left_corner_dim=\dimen307
\l__coffin_right_corner_dim=\dimen308
\l__coffin_bottom_corner_dim=\dimen309
\l__coffin_top_corner_dim=\dimen310
\l__coffin_scaled_total_height_dim=\dimen311
\l__coffin_scaled_width_dim=\dimen312
)
(c:/texlive/2018/texmf-dist/tex/latex/l3kernel/l3pdfmode.def
File: l3pdfmode.def 2017/03/18 v L3 Experimental driver: PDF mode
\l__driver_color_stack_int=\count318
))
Package: breqn 2017/01/27 v0.98e Breaking equations

(c:/texlive/2018/texmf-dist/tex/latex/breqn/flexisym.sty
Package: flexisym 2017/01/27 v0.98e Make math characters macros
LaTeX Info: Redefining \textprime on input line 300.
LaTeX Info: Redefining \not on input line 358.

(c:/texlive/2018/texmf-dist/tex/latex/breqn/cmbase.sym
File: cmbase.sym 2007/12/19 v0.92
LaTeX Info: Redefining \hbar on input line 325.
LaTeX Info: Redefining \surd on input line 327.
LaTeX Info: Redefining \angle on input line 335.
LaTeX Info: Redefining \neq on input line 336.
LaTeX Info: Redefining \mapsto on input line 337.
LaTeX Info: Redefining \cong on input line 338.
LaTeX Info: Redefining \notin on input line 341.
LaTeX Info: Redefining \rightleftharpoons on input line 342.
LaTeX Info: Redefining \doteq on input line 343.
LaTeX Info: Redefining \hookrightarrow on input line 344.
LaTeX Info: Redefining \hookleftarrow on input line 345.
LaTeX Info: Redefining \bowtie on input line 346.
LaTeX Info: Redefining \models on input line 347.
LaTeX Info: Redefining \Longrightarrow on input line 348.
LaTeX Info: Redefining \longrightarrow on input line 349.
LaTeX Info: Redefining \Longleftarrow on input line 350.
LaTeX Info: Redefining \longleftarrow on input line 351.
LaTeX Info: Redefining \longmapsto on input line 352.
LaTeX Info: Redefining \longleftrightarrow on input line 353.
LaTeX Info: Redefining \Longleftrightarrow on input line 354.
LaTeX Info: Redefining \cdots on input line 358.
LaTeX Info: Redefining \vdots on input line 361.
LaTeX Info: Redefining \ddots on input line 366.
)
(c:/texlive/2018/texmf-dist/tex/latex/breqn/mathstyle.sty
Package: mathstyle 2017/01/27 0.98e Tracking mathstyle implicitly
LaTeX Info: Redefining \displaystyle on input line 93.
LaTeX Info: Redefining \textstyle on input line 95.
LaTeX Info: Redefining \scriptstyle on input line 97.
LaTeX Info: Redefining \scriptscriptstyle on input line 99.
LaTeX Info: Redefining \genfrac on input line 145.
))
\inf@bad=\count319
\maxint=\count320
\listwidth=\dimen313
\eqnumsep=\dimen314
\eqmargin=\dimen315
\eqlinespacing=\skip85
\eqlineskip=\skip86
\eqlineskiplimit=\dimen316
\eqbinoffset=\muskip18
\eqdelimoffset=\muskip19
\eqindentstep=\dimen317
\eqstyle=\toks47
\eqbreakdepth=\count321
\eqinterlinepenalty=\count322
\intereqpenalty=\count323
\intereqskip=\skip87
\prerelpenalty=\count324
\prebinoppenalty=\count325
\Dmedmuskip=\muskip20
\Dthickmuskip=\muskip21
\eqleftskip=\skip88
\eqrightskip=\skip89
\eq@vspan=\skip90
\eq@binoffset=\muskip22
\EQ@box=\box94
\EQ@copy=\box95
\EQ@numbox=\box96
\eq@wdNum=\dimen318
\GRP@numbox=\box97
\grp@wdNum=\dimen319
\eq@lines=\count326
\eq@curline=\count327
\eq@badness=\count328
\EQ@vims=\count329
\eq@dp=\dimen320
\eq@wdL=\dimen321
\eq@wdT=\dimen322
\eq@wdMin=\dimen323
\grp@wdL=\dimen324
\grp@wdR=\dimen325
\grp@wdT=\dimen326
\eq@wdRmax=\dimen327
\eq@firstht=\dimen328
\eq@wdCond=\dimen329
\eq@indentstep=\dimen330
\eq@linewidth=\dimen331
\grp@linewidth=\dimen332
\eq@hshift=\dimen333
\eq@given@sidespace=\dimen334
\mathindent=\dimen335
\eq@final@linecount=\count330
\eq@wdR=\dimen336
\EQ@continue=\toks48
\lr@level=\count331
\GRP@queue=\toks49
\GRP@box=\box98
\GRP@wholebox=\box99
\darraycolsep=\skip91
\cur@row=\count332
\cur@col=\count333
\conditionsep=\skip92
)
(c:/texlive/2018/texmf-dist/tex/latex/mathtools/mathtools.sty
Package: mathtools 2018/01/08 v1.21 mathematical typesetting tools

(c:/texlive/2018/texmf-dist/tex/latex/mathtools/mhsetup.sty
Package: mhsetup 2017/03/31 v1.3 programming setup (MH)
)
LaTeX Info: Thecontrolsequence`\('isalreadyrobust on input line 129.
LaTeX Info: Thecontrolsequence`\)'isalreadyrobust on input line 129.
LaTeX Info: Thecontrolsequence`\['isalreadyrobust on input line 129.
LaTeX Info: Thecontrolsequence`\]'isalreadyrobust on input line 129.
\g_MT_multlinerow_int=\count334
\l_MT_multwidth_dim=\dimen337
\origjot=\skip93
\l_MT_shortvdotswithinadjustabove_dim=\dimen338
\l_MT_shortvdotswithinadjustbelow_dim=\dimen339
\l_MT_above_intertext_sep=\dimen340
\l_MT_below_intertext_sep=\dimen341
\l_MT_above_shortintertext_sep=\dimen342
\l_MT_below_shortintertext_sep=\dimen343
)
(c:/texlive/2018/texmf-dist/tex/latex/tools/multicol.sty
Package: multicol 2018/04/01 v1.8r multicolumn formatting (FMi)
\c@tracingmulticols=\count335
\mult@box=\box100
\multicol@leftmargin=\dimen344
\c@unbalance=\count336
\c@collectmore=\count337
\doublecol@number=\count338
\multicoltolerance=\count339
\multicolpretolerance=\count340
\full@width=\dimen345
\page@free=\dimen346
\premulticols=\dimen347
\postmulticols=\dimen348
\multicolsep=\skip94
\multicolbaselineskip=\skip95
\partial@page=\box101
\last@line=\box102
\maxbalancingoverflow=\dimen349
\mult@rightbox=\box103
\mult@grightbox=\box104
\mult@gfirstbox=\box105
\mult@firstbox=\box106
\@tempa=\box107
\@tempa=\box108
\@tempa=\box109
\@tempa=\box110
\@tempa=\box111
\@tempa=\box112
\@tempa=\box113
\@tempa=\box114
\@tempa=\box115
\@tempa=\box116
\@tempa=\box117
\@tempa=\box118
\@tempa=\box119
\@tempa=\box120
\@tempa=\box121
\@tempa=\box122
\@tempa=\box123
\c@columnbadness=\count341
\c@finalcolumnbadness=\count342
\last@try=\dimen350
\multicolovershoot=\dimen351
\multicolundershoot=\dimen352
\mult@nat@firstbox=\box124
\colbreak@box=\box125
\mc@col@check@num=\count343
)
\c@theorem=\count344
 (./MultiJacobi.aux)
\openout1 = `MultiJacobi.aux'.

LaTeX Font Info:    Checking defaults for OML/cmm/m/it on input line 69.
LaTeX Font Info:    ... okay on input line 69.
LaTeX Font Info:    Checking defaults for T1/cmr/m/n on input line 69.
LaTeX Font Info:    ... okay on input line 69.
LaTeX Font Info:    Checking defaults for OT1/cmr/m/n on input line 69.
LaTeX Font Info:    ... okay on input line 69.
LaTeX Font Info:    Checking defaults for OMS/cmsy/m/n on input line 69.
LaTeX Font Info:    ... okay on input line 69.
LaTeX Font Info:    Checking defaults for OMX/cmex/m/n on input line 69.
LaTeX Font Info:    ... okay on input line 69.
LaTeX Font Info:    Checking defaults for U/cmr/m/n on input line 69.
LaTeX Font Info:    ... okay on input line 69.
LaTeX Font Info:    Checking defaults for PD1/pdf/m/n on input line 69.
LaTeX Font Info:    ... okay on input line 69.

*geometry* driver: auto-detecting
*geometry* detected driver: pdftex
*geometry* verbose mode - [ preamble ] result:
* driver: pdftex
* paper: <default>
* layout: <same size as paper>
* layoutoffset:(h,v)=(0.0pt,0.0pt)
* modes: 
* h-part:(L,W,R)=(72.26999pt, 469.75502pt, 72.26999pt)
* v-part:(T,H,B)=(72.26999pt, 650.43001pt, 72.26999pt)
* \paperwidth=614.295pt
* \paperheight=794.96999pt
* \textwidth=469.75502pt
* \textheight=650.43001pt
* \oddsidemargin=0.0pt
* \evensidemargin=0.0pt
* \topmargin=-37.0pt
* \headheight=12.0pt
* \headsep=25.0pt
* \topskip=11.0pt
* \footskip=30.0pt
* \marginparwidth=59.0pt
* \marginparsep=10.0pt
* \columnsep=10.0pt
* \skip\footins=10.0pt plus 4.0pt minus 2.0pt
* \hoffset=0.0pt
* \voffset=0.0pt
* \mag=1000
* \@twocolumnfalse
* \@twosidefalse
* \@mparswitchfalse
* \@reversemarginfalse
* (1in=72.27pt=25.4mm, 1cm=28.453pt)

ABD: EveryShipout initializing macros
(c:/texlive/2018/texmf-dist/tex/context/base/mkii/supp-pdf.mkii
[Loading MPS to PDF converter (version 2006.09.02).]
\scratchcounter=\count345
\scratchdimen=\dimen353
\scratchbox=\box126
\nofMPsegments=\count346
\nofMParguments=\count347
\everyMPshowfont=\toks50
\MPscratchCnt=\count348
\MPscratchDim=\dimen354
\MPnumerator=\count349
\makeMPintoPDFobject=\count350
\everyMPtoPDFconversion=\toks51
)
Package caption Info: Begin \AtBeginDocument code.
Package caption Info: hyperref package is loaded.
Package caption Info: End \AtBeginDocument code.
\AtBeginShipoutBox=\box127
Package hyperref Info: Link coloring OFF on input line 69.
 (c:/texlive/2018/texmf-dist/tex/latex/hyperref/nameref.sty
Package: nameref 2016/05/21 v2.44 Cross-referencing by name of section

(c:/texlive/2018/texmf-dist/tex/generic/oberdiek/gettitlestring.sty
Package: gettitlestring 2016/05/16 v1.5 Cleanup title references (HO)
)
\c@section@level=\count351
)
LaTeX Info: Redefining \ref on input line 69.
LaTeX Info: Redefining \pageref on input line 69.
LaTeX Info: Redefining \nameref on input line 69.

(./MultiJacobi.out) (./MultiJacobi.out)
\@outlinefile=\write4
\openout4 = `MultiJacobi.out'.

LaTeX Font Info:    Try loading font information for U+msa on input line 78.

(c:/texlive/2018/texmf-dist/tex/latex/amsfonts/umsa.fd
File: umsa.fd 2013/01/14 v3.01 AMS symbols A
)
LaTeX Font Info:    Try loading font information for U+msb on input line 78.

(c:/texlive/2018/texmf-dist/tex/latex/amsfonts/umsb.fd
File: umsb.fd 2013/01/14 v3.01 AMS symbols B
)
LaTeX Font Info:    Try loading font information for OMS+cmr on input line 78.

(c:/texlive/2018/texmf-dist/tex/latex/base/omscmr.fd
File: omscmr.fd 2014/09/29 v2.5h Standard LaTeX font definitions
)
LaTeX Font Info:    Font shape `OMS/cmr/m/n' in size <8> not available
(Font)              Font shape `OMS/cmsy/m/n' tried instead on input line 78.
LaTeX Font Info:    Font shape `OMS/cmr/m/n' in size <6> not available
(Font)              Font shape `OMS/cmsy/m/n' tried instead on input line 78.
 [1

{c:/texlive/2018/texmf-var/fonts/map/pdftex/updmap/pdftex.map}] [2] [3] [4] [5]
 [6]
Overfull \hbox (2.05243pt too wide) in paragraph at lines 377--382
\OT1/cmr/m/n/10.95 Through straight-for-ward com-pu-ta-tion, it can be ver-i-fi
ed that the square $\OML/cmm/m/it/10.95 N[]\OT1/cmr/m/n/10.95 (\OML/cmm/m/it/10
.95 t; ^^W\OT1/cmr/m/n/10.95 ) = [][]$
 []

[7] [8] [9]
LaTeX Font Info:    Try loading font information for U+euf on input line 608.
 (c:/texlive/2018/texmf-dist/tex/latex/amsfonts/ueuf.fd
File: ueuf.fd 2013/01/14 v3.01 Euler Fraktur
) [10]
[11] [12] [13]
Package epstopdf Info: Source file: <pic/DirSum_RS1.eps>
(epstopdf)                    date: 2019-08-24 16:59:22
(epstopdf)                    size: 21471 bytes
(epstopdf)             Output file: <pic/DirSum_RS1-eps-converted-to.pdf>
(epstopdf)                    date: 2019-08-24 16:59:22
(epstopdf)                    size: 6846 bytes
(epstopdf)             Command: <repstopdf --outfile=pic/DirSum_RS1-eps-convert
ed-to.pdf pic/DirSum_RS1.eps>
(epstopdf)             \includegraphics on input line 871.
Package epstopdf Info: Output file is already uptodate.
<pic/DirSum_RS1-eps-converted-to.pdf, id=405, 388.45125pt x 291.0875pt>
File: pic/DirSum_RS1-eps-converted-to.pdf Graphic file (type pdf)
<use pic/DirSum_RS1-eps-converted-to.pdf>
Package pdftex.def Info: pic/DirSum_RS1-eps-converted-to.pdf  used on input lin
e 871.
(pdftex.def)             Requested size: 173.5982pt x 130.08621pt.
Package epstopdf Info: Source file: <pic/DirSum_RS2.eps>
(epstopdf)                    date: 2019-08-24 16:59:22
(epstopdf)                    size: 21555 bytes
(epstopdf)             Output file: <pic/DirSum_RS2-eps-converted-to.pdf>
(epstopdf)                    date: 2019-08-24 16:59:22
(epstopdf)                    size: 6844 bytes
(epstopdf)             Command: <repstopdf --outfile=pic/DirSum_RS2-eps-convert
ed-to.pdf pic/DirSum_RS2.eps>
(epstopdf)             \includegraphics on input line 872.
Package epstopdf Info: Output file is already uptodate.
<pic/DirSum_RS2-eps-converted-to.pdf, id=406, 387.4475pt x 291.0875pt>
File: pic/DirSum_RS2-eps-converted-to.pdf Graphic file (type pdf)
<use pic/DirSum_RS2-eps-converted-to.pdf>
Package pdftex.def Info: pic/DirSum_RS2-eps-converted-to.pdf  used on input lin
e 872.
(pdftex.def)             Requested size: 173.14963pt x 130.08621pt.
Package epstopdf Info: Source file: <pic/Comp_RSFFT_CHEBNF_uni2_3D.eps>
(epstopdf)                    date: 2019-08-24 16:59:22
(epstopdf)                    size: 22117 bytes
(epstopdf)             Output file: <pic/Comp_RSFFT_CHEBNF_uni2_3D-eps-converte
d-to.pdf>
(epstopdf)                    date: 2019-08-24 17:09:57
(epstopdf)                    size: 7775 bytes
(epstopdf)             Command: <repstopdf --outfile=pic/Comp_RSFFT_CHEBNF_uni2
_3D-eps-converted-to.pdf pic/Comp_RSFFT_CHEBNF_uni2_3D.eps>
(epstopdf)             \includegraphics on input line 883.
Package epstopdf Info: Output file is already uptodate.
<pic/Comp_RSFFT_CHEBNF_uni2_3D-eps-converted-to.pdf, id=407, 519.9425pt x 389.4
55pt>
File: pic/Comp_RSFFT_CHEBNF_uni2_3D-eps-converted-to.pdf Graphic file (type pdf
)
<use pic/Comp_RSFFT_CHEBNF_uni2_3D-eps-converted-to.pdf>
Package pdftex.def Info: pic/Comp_RSFFT_CHEBNF_uni2_3D-eps-converted-to.pdf  us
ed on input line 883.
(pdftex.def)             Requested size: 139.89445pt x 104.79128pt.
Package epstopdf Info: Source file: <pic/Comp_RSFFT_CHEBNF_uni1_3D.eps>
(epstopdf)                    date: 2019-08-24 16:59:22
(epstopdf)                    size: 20746 bytes
(epstopdf)             Output file: <pic/Comp_RSFFT_CHEBNF_uni1_3D-eps-converte
d-to.pdf>
(epstopdf)                    date: 2019-08-24 17:09:59
(epstopdf)                    size: 7461 bytes
(epstopdf)             Command: <repstopdf --outfile=pic/Comp_RSFFT_CHEBNF_uni1
_3D-eps-converted-to.pdf pic/Comp_RSFFT_CHEBNF_uni1_3D.eps>
(epstopdf)             \includegraphics on input line 884.
Package epstopdf Info: Output file is already uptodate.
<pic/Comp_RSFFT_CHEBNF_uni1_3D-eps-converted-to.pdf, id=408, 520.94624pt x 389.
455pt>
File: pic/Comp_RSFFT_CHEBNF_uni1_3D-eps-converted-to.pdf Graphic file (type pdf
)
<use pic/Comp_RSFFT_CHEBNF_uni1_3D-eps-converted-to.pdf>
Package pdftex.def Info: pic/Comp_RSFFT_CHEBNF_uni1_3D-eps-converted-to.pdf  us
ed on input line 884.
(pdftex.def)             Requested size: 140.16452pt x 104.79128pt.
Package epstopdf Info: Source file: <pic/CompFN_rank_uni_3D.eps>
(epstopdf)                    date: 2019-08-24 16:59:22
(epstopdf)                    size: 18476 bytes
(epstopdf)             Output file: <pic/CompFN_rank_uni_3D-eps-converted-to.pd
f>
(epstopdf)                    date: 2019-08-24 17:10:01
(epstopdf)                    size: 6470 bytes
(epstopdf)             Command: <repstopdf --outfile=pic/CompFN_rank_uni_3D-eps
-converted-to.pdf pic/CompFN_rank_uni_3D.eps>
(epstopdf)             \includegraphics on input line 886.
Package epstopdf Info: Output file is already uptodate.
<pic/CompFN_rank_uni_3D-eps-converted-to.pdf, id=409, 521.95pt x 391.4625pt>
File: pic/CompFN_rank_uni_3D-eps-converted-to.pdf Graphic file (type pdf)
<use pic/CompFN_rank_uni_3D-eps-converted-to.pdf>
Package pdftex.def Info: pic/CompFN_rank_uni_3D-eps-converted-to.pdf  used on i
nput line 886.
(pdftex.def)             Requested size: 139.7178pt x 104.79128pt.
Package epstopdf Info: Source file: <pic/CompFN_relerr_uni_3D.eps>
(epstopdf)                    date: 2019-08-24 16:59:22
(epstopdf)                    size: 18714 bytes
(epstopdf)             Output file: <pic/CompFN_relerr_uni_3D-eps-converted-to.
pdf>
(epstopdf)                    date: 2019-08-24 17:10:03
(epstopdf)                    size: 6780 bytes
(epstopdf)             Command: <repstopdf --outfile=pic/CompFN_relerr_uni_3D-e
ps-converted-to.pdf pic/CompFN_relerr_uni_3D.eps>
(epstopdf)             \includegraphics on input line 887.
Package epstopdf Info: Output file is already uptodate.
<pic/CompFN_relerr_uni_3D-eps-converted-to.pdf, id=410, 521.95pt x 391.4625pt>
File: pic/CompFN_relerr_uni_3D-eps-converted-to.pdf Graphic file (type pdf)
<use pic/CompFN_relerr_uni_3D-eps-converted-to.pdf>
Package pdftex.def Info: pic/CompFN_relerr_uni_3D-eps-converted-to.pdf  used on
 input line 887.
(pdftex.def)             Requested size: 139.7178pt x 104.79128pt.
 [14 <./pic/DirSum_RS1-eps-converted-to.pdf> <./pic/DirSum_RS2-eps-converted-to
.pdf>] [15] [16]
Package epstopdf Info: Source file: <pic/testJPT2D_time.eps>
(epstopdf)                    date: 2019-08-24 16:59:22
(epstopdf)                    size: 20477 bytes
(epstopdf)             Output file: <pic/testJPT2D_time-eps-converted-to.pdf>
(epstopdf)                    date: 2019-08-24 17:06:42
(epstopdf)                    size: 7124 bytes
(epstopdf)             Command: <repstopdf --outfile=pic/testJPT2D_time-eps-con
verted-to.pdf pic/testJPT2D_time.eps>
(epstopdf)             \includegraphics on input line 1065.
Package epstopdf Info: Output file is already uptodate.
<pic/testJPT2D_time-eps-converted-to.pdf, id=454, 510.90875pt x 388.45125pt>
File: pic/testJPT2D_time-eps-converted-to.pdf Graphic file (type pdf)
<use pic/testJPT2D_time-eps-converted-to.pdf>
Package pdftex.def Info: pic/testJPT2D_time-eps-converted-to.pdf  used on input
 line 1065.
(pdftex.def)             Requested size: 137.82246pt x 104.79128pt.
Package epstopdf Info: Source file: <pic/testJPT2D_rank.eps>
(epstopdf)                    date: 2019-08-24 16:59:22
(epstopdf)                    size: 13025 bytes
(epstopdf)             Output file: <pic/testJPT2D_rank-eps-converted-to.pdf>
(epstopdf)                    date: 2019-08-24 17:06:44
(epstopdf)                    size: 5026 bytes
(epstopdf)             Command: <repstopdf --outfile=pic/testJPT2D_rank-eps-con
verted-to.pdf pic/testJPT2D_rank.eps>
(epstopdf)             \includegraphics on input line 1066.
Package epstopdf Info: Output file is already uptodate.
<pic/testJPT2D_rank-eps-converted-to.pdf, id=455, 506.89375pt x 388.45125pt>
File: pic/testJPT2D_rank-eps-converted-to.pdf Graphic file (type pdf)
<use pic/testJPT2D_rank-eps-converted-to.pdf>
Package pdftex.def Info: pic/testJPT2D_rank-eps-converted-to.pdf  used on input
 line 1066.
(pdftex.def)             Requested size: 136.73938pt x 104.79128pt.
Package epstopdf Info: Source file: <pic/testJPT2D_err.eps>
(epstopdf)                    date: 2019-08-24 16:59:22
(epstopdf)                    size: 14162 bytes
(epstopdf)             Output file: <pic/testJPT2D_err-eps-converted-to.pdf>
(epstopdf)                    date: 2019-08-24 17:06:46
(epstopdf)                    size: 5254 bytes
(epstopdf)             Command: <repstopdf --outfile=pic/testJPT2D_err-eps-conv
erted-to.pdf pic/testJPT2D_err.eps>
(epstopdf)             \includegraphics on input line 1067.
Package epstopdf Info: Output file is already uptodate.
<pic/testJPT2D_err-eps-converted-to.pdf, id=456, 507.8975pt x 388.45125pt>
File: pic/testJPT2D_err-eps-converted-to.pdf Graphic file (type pdf)
<use pic/testJPT2D_err-eps-converted-to.pdf>
Package pdftex.def Info: pic/testJPT2D_err-eps-converted-to.pdf  used on input 
line 1067.
(pdftex.def)             Requested size: 137.01016pt x 104.79128pt.
Package epstopdf Info: Source file: <pic/testinvJPT2D_time.eps>
(epstopdf)                    date: 2019-08-24 16:59:22
(epstopdf)                    size: 20473 bytes
(epstopdf)             Output file: <pic/testinvJPT2D_time-eps-converted-to.pdf
>
(epstopdf)                    date: 2019-08-24 17:06:48
(epstopdf)                    size: 7109 bytes
(epstopdf)             Command: <repstopdf --outfile=pic/testinvJPT2D_time-eps-
converted-to.pdf pic/testinvJPT2D_time.eps>
(epstopdf)             \includegraphics on input line 1069.
Package epstopdf Info: Output file is already uptodate.
<pic/testinvJPT2D_time-eps-converted-to.pdf, id=457, 510.90875pt x 388.45125pt>

File: pic/testinvJPT2D_time-eps-converted-to.pdf Graphic file (type pdf)
<use pic/testinvJPT2D_time-eps-converted-to.pdf>
Package pdftex.def Info: pic/testinvJPT2D_time-eps-converted-to.pdf  used on in
put line 1069.
(pdftex.def)             Requested size: 137.82246pt x 104.79128pt.
Package epstopdf Info: Source file: <pic/testinvJPT2D_rank.eps>
(epstopdf)                    date: 2019-08-24 16:59:22
(epstopdf)                    size: 13028 bytes
(epstopdf)             Output file: <pic/testinvJPT2D_rank-eps-converted-to.pdf
>
(epstopdf)                    date: 2019-08-24 17:06:51
(epstopdf)                    size: 5026 bytes
(epstopdf)             Command: <repstopdf --outfile=pic/testinvJPT2D_rank-eps-
converted-to.pdf pic/testinvJPT2D_rank.eps>
(epstopdf)             \includegraphics on input line 1070.
Package epstopdf Info: Output file is already uptodate.
<pic/testinvJPT2D_rank-eps-converted-to.pdf, id=458, 506.89375pt x 388.45125pt>

File: pic/testinvJPT2D_rank-eps-converted-to.pdf Graphic file (type pdf)
<use pic/testinvJPT2D_rank-eps-converted-to.pdf>
Package pdftex.def Info: pic/testinvJPT2D_rank-eps-converted-to.pdf  used on in
put line 1070.
(pdftex.def)             Requested size: 136.73938pt x 104.79128pt.
Package epstopdf Info: Source file: <pic/testinvJPT2D_err.eps>
(epstopdf)                    date: 2019-08-24 16:59:22
(epstopdf)                    size: 14166 bytes
(epstopdf)             Output file: <pic/testinvJPT2D_err-eps-converted-to.pdf>

(epstopdf)                    date: 2019-08-24 17:06:53
(epstopdf)                    size: 5260 bytes
(epstopdf)             Command: <repstopdf --outfile=pic/testinvJPT2D_err-eps-c
onverted-to.pdf pic/testinvJPT2D_err.eps>
(epstopdf)             \includegraphics on input line 1071.
Package epstopdf Info: Output file is already uptodate.
<pic/testinvJPT2D_err-eps-converted-to.pdf, id=459, 507.8975pt x 387.4475pt>
File: pic/testinvJPT2D_err-eps-converted-to.pdf Graphic file (type pdf)
<use pic/testinvJPT2D_err-eps-converted-to.pdf>
Package pdftex.def Info: pic/testinvJPT2D_err-eps-converted-to.pdf  used on inp
ut line 1071.
(pdftex.def)             Requested size: 137.36665pt x 104.79128pt.
Package epstopdf Info: Source file: <pic/testNJPT2D_time.eps>
(epstopdf)                    date: 2019-08-24 16:59:22
(epstopdf)                    size: 20479 bytes
(epstopdf)             Output file: <pic/testNJPT2D_time-eps-converted-to.pdf>
(epstopdf)                    date: 2019-08-24 17:06:55
(epstopdf)                    size: 7092 bytes
(epstopdf)             Command: <repstopdf --outfile=pic/testNJPT2D_time-eps-co
nverted-to.pdf pic/testNJPT2D_time.eps>
(epstopdf)             \includegraphics on input line 1073.
Package epstopdf Info: Output file is already uptodate.
<pic/testNJPT2D_time-eps-converted-to.pdf, id=460, 510.90875pt x 388.45125pt>
File: pic/testNJPT2D_time-eps-converted-to.pdf Graphic file (type pdf)
<use pic/testNJPT2D_time-eps-converted-to.pdf>
Package pdftex.def Info: pic/testNJPT2D_time-eps-converted-to.pdf  used on inpu
t line 1073.
(pdftex.def)             Requested size: 137.82246pt x 104.79128pt.
Package epstopdf Info: Source file: <pic/testNJPT2D_rank.eps>
(epstopdf)                    date: 2019-08-24 16:59:22
(epstopdf)                    size: 13021 bytes
(epstopdf)             Output file: <pic/testNJPT2D_rank-eps-converted-to.pdf>
(epstopdf)                    date: 2019-08-24 17:06:57
(epstopdf)                    size: 5026 bytes
(epstopdf)             Command: <repstopdf --outfile=pic/testNJPT2D_rank-eps-co
nverted-to.pdf pic/testNJPT2D_rank.eps>
(epstopdf)             \includegraphics on input line 1074.
Package epstopdf Info: Output file is already uptodate.
<pic/testNJPT2D_rank-eps-converted-to.pdf, id=461, 506.89375pt x 388.45125pt>
File: pic/testNJPT2D_rank-eps-converted-to.pdf Graphic file (type pdf)
<use pic/testNJPT2D_rank-eps-converted-to.pdf>
Package pdftex.def Info: pic/testNJPT2D_rank-eps-converted-to.pdf  used on inpu
t line 1074.
(pdftex.def)             Requested size: 136.73938pt x 104.79128pt.
Package epstopdf Info: Source file: <pic/testNJPT2D_err.eps>
(epstopdf)                    date: 2019-08-24 16:59:22
(epstopdf)                    size: 13948 bytes
(epstopdf)             Output file: <pic/testNJPT2D_err-eps-converted-to.pdf>
(epstopdf)                    date: 2019-08-24 17:06:59
(epstopdf)                    size: 5112 bytes
(epstopdf)             Command: <repstopdf --outfile=pic/testNJPT2D_err-eps-con
verted-to.pdf pic/testNJPT2D_err.eps>
(epstopdf)             \includegraphics on input line 1075.
Package epstopdf Info: Output file is already uptodate.
<pic/testNJPT2D_err-eps-converted-to.pdf, id=462, 507.8975pt x 388.45125pt>
File: pic/testNJPT2D_err-eps-converted-to.pdf Graphic file (type pdf)
<use pic/testNJPT2D_err-eps-converted-to.pdf>
Package pdftex.def Info: pic/testNJPT2D_err-eps-converted-to.pdf  used on input
 line 1075.
(pdftex.def)             Requested size: 137.01016pt x 104.79128pt.
Package epstopdf Info: Source file: <pic/testJPT3D_time.eps>
(epstopdf)                    date: 2019-08-24 16:59:22
(epstopdf)                    size: 28862 bytes
(epstopdf)             Output file: <pic/testJPT3D_time-eps-converted-to.pdf>
(epstopdf)                    date: 2019-08-24 17:07:01
(epstopdf)                    size: 9437 bytes
(epstopdf)             Command: <repstopdf --outfile=pic/testJPT3D_time-eps-con
verted-to.pdf pic/testJPT3D_time.eps>
(epstopdf)             \includegraphics on input line 1085.
Package epstopdf Info: Output file is already uptodate.
<pic/testJPT3D_time-eps-converted-to.pdf, id=465, 510.90875pt x 387.4475pt>
File: pic/testJPT3D_time-eps-converted-to.pdf Graphic file (type pdf)
<use pic/testJPT3D_time-eps-converted-to.pdf>
Package pdftex.def Info: pic/testJPT3D_time-eps-converted-to.pdf  used on input
 line 1085.
(pdftex.def)             Requested size: 138.18108pt x 104.79128pt.
Package epstopdf Info: Source file: <pic/testJPT3D_rank.eps>
(epstopdf)                    date: 2019-08-24 16:59:22
(epstopdf)                    size: 13777 bytes
(epstopdf)             Output file: <pic/testJPT3D_rank-eps-converted-to.pdf>
(epstopdf)                    date: 2019-08-24 17:07:03
(epstopdf)                    size: 5297 bytes
(epstopdf)             Command: <repstopdf --outfile=pic/testJPT3D_rank-eps-con
verted-to.pdf pic/testJPT3D_rank.eps>
(epstopdf)             \includegraphics on input line 1086.
Package epstopdf Info: Output file is already uptodate.
<pic/testJPT3D_rank-eps-converted-to.pdf, id=466, 510.90875pt x 388.45125pt>
File: pic/testJPT3D_rank-eps-converted-to.pdf Graphic file (type pdf)
<use pic/testJPT3D_rank-eps-converted-to.pdf>
Package pdftex.def Info: pic/testJPT3D_rank-eps-converted-to.pdf  used on input
 line 1086.
(pdftex.def)             Requested size: 137.82246pt x 104.79128pt.
Package epstopdf Info: Source file: <pic/testJPT3D_err.eps>
(epstopdf)                    date: 2019-08-24 16:59:22
(epstopdf)                    size: 14224 bytes
(epstopdf)             Output file: <pic/testJPT3D_err-eps-converted-to.pdf>
(epstopdf)                    date: 2019-08-24 17:07:05
(epstopdf)                    size: 5390 bytes
(epstopdf)             Command: <repstopdf --outfile=pic/testJPT3D_err-eps-conv
erted-to.pdf pic/testJPT3D_err.eps>
(epstopdf)             \includegraphics on input line 1087.
Package epstopdf Info: Output file is already uptodate.
<pic/testJPT3D_err-eps-converted-to.pdf, id=467, 510.90875pt x 387.4475pt>
File: pic/testJPT3D_err-eps-converted-to.pdf Graphic file (type pdf)
<use pic/testJPT3D_err-eps-converted-to.pdf>
Package pdftex.def Info: pic/testJPT3D_err-eps-converted-to.pdf  used on input 
line 1087.
(pdftex.def)             Requested size: 138.18108pt x 104.79128pt.
Package epstopdf Info: Source file: <pic/testinvJPT3D_time.eps>
(epstopdf)                    date: 2019-08-24 16:59:22
(epstopdf)                    size: 28651 bytes
(epstopdf)             Output file: <pic/testinvJPT3D_time-eps-converted-to.pdf
>
(epstopdf)                    date: 2019-08-24 17:07:07
(epstopdf)                    size: 9445 bytes
(epstopdf)             Command: <repstopdf --outfile=pic/testinvJPT3D_time-eps-
converted-to.pdf pic/testinvJPT3D_time.eps>
(epstopdf)             \includegraphics on input line 1089.
Package epstopdf Info: Output file is already uptodate.
<pic/testinvJPT3D_time-eps-converted-to.pdf, id=468, 505.89pt x 388.45125pt>
File: pic/testinvJPT3D_time-eps-converted-to.pdf Graphic file (type pdf)
<use pic/testinvJPT3D_time-eps-converted-to.pdf>
Package pdftex.def Info: pic/testinvJPT3D_time-eps-converted-to.pdf  used on in
put line 1089.
(pdftex.def)             Requested size: 136.46861pt x 104.79128pt.
Package epstopdf Info: Source file: <pic/testinvJPT3D_rank.eps>
(epstopdf)                    date: 2019-08-24 16:59:22
(epstopdf)                    size: 13780 bytes
(epstopdf)             Output file: <pic/testinvJPT3D_rank-eps-converted-to.pdf
>
(epstopdf)                    date: 2019-08-24 17:07:09
(epstopdf)                    size: 5297 bytes
(epstopdf)             Command: <repstopdf --outfile=pic/testinvJPT3D_rank-eps-
converted-to.pdf pic/testinvJPT3D_rank.eps>
(epstopdf)             \includegraphics on input line 1090.
Package epstopdf Info: Output file is already uptodate.
<pic/testinvJPT3D_rank-eps-converted-to.pdf, id=469, 510.90875pt x 388.45125pt>

File: pic/testinvJPT3D_rank-eps-converted-to.pdf Graphic file (type pdf)
<use pic/testinvJPT3D_rank-eps-converted-to.pdf>
Package pdftex.def Info: pic/testinvJPT3D_rank-eps-converted-to.pdf  used on in
put line 1090.
(pdftex.def)             Requested size: 137.82246pt x 104.79128pt.
Package epstopdf Info: Source file: <pic/testinvJPT3D_err.eps>
(epstopdf)                    date: 2019-08-24 16:59:22
(epstopdf)                    size: 14409 bytes
(epstopdf)             Output file: <pic/testinvJPT3D_err-eps-converted-to.pdf>

(epstopdf)                    date: 2019-08-24 17:07:12
(epstopdf)                    size: 5402 bytes
(epstopdf)             Command: <repstopdf --outfile=pic/testinvJPT3D_err-eps-c
onverted-to.pdf pic/testinvJPT3D_err.eps>
(epstopdf)             \includegraphics on input line 1091.
Package epstopdf Info: Output file is already uptodate.
<pic/testinvJPT3D_err-eps-converted-to.pdf, id=470, 510.90875pt x 388.45125pt>
File: pic/testinvJPT3D_err-eps-converted-to.pdf Graphic file (type pdf)
<use pic/testinvJPT3D_err-eps-converted-to.pdf>
Package pdftex.def Info: pic/testinvJPT3D_err-eps-converted-to.pdf  used on inp
ut line 1091.
(pdftex.def)             Requested size: 137.82246pt x 104.79128pt.
Package epstopdf Info: Source file: <pic/testNJPT3D_time.eps>
(epstopdf)                    date: 2019-08-24 16:59:22
(epstopdf)                    size: 26896 bytes
(epstopdf)             Output file: <pic/testNJPT3D_time-eps-converted-to.pdf>
(epstopdf)                    date: 2019-08-24 17:07:14
(epstopdf)                    size: 8955 bytes
(epstopdf)             Command: <repstopdf --outfile=pic/testNJPT3D_time-eps-co
nverted-to.pdf pic/testNJPT3D_time.eps>
(epstopdf)             \includegraphics on input line 1093.
Package epstopdf Info: Output file is already uptodate.
<pic/testNJPT3D_time-eps-converted-to.pdf, id=471, 510.90875pt x 387.4475pt>
File: pic/testNJPT3D_time-eps-converted-to.pdf Graphic file (type pdf)
<use pic/testNJPT3D_time-eps-converted-to.pdf>
Package pdftex.def Info: pic/testNJPT3D_time-eps-converted-to.pdf  used on inpu
t line 1093.
(pdftex.def)             Requested size: 138.18108pt x 104.79128pt.
Package epstopdf Info: Source file: <pic/testNJPT3D_rank.eps>
(epstopdf)                    date: 2019-08-24 16:59:22
(epstopdf)                    size: 13743 bytes
(epstopdf)             Output file: <pic/testNJPT3D_rank-eps-converted-to.pdf>
(epstopdf)                    date: 2019-08-24 17:07:16
(epstopdf)                    size: 5286 bytes
(epstopdf)             Command: <repstopdf --outfile=pic/testNJPT3D_rank-eps-co
nverted-to.pdf pic/testNJPT3D_rank.eps>
(epstopdf)             \includegraphics on input line 1094.
Package epstopdf Info: Output file is already uptodate.
<pic/testNJPT3D_rank-eps-converted-to.pdf, id=472, 510.90875pt x 388.45125pt>
File: pic/testNJPT3D_rank-eps-converted-to.pdf Graphic file (type pdf)
<use pic/testNJPT3D_rank-eps-converted-to.pdf>
Package pdftex.def Info: pic/testNJPT3D_rank-eps-converted-to.pdf  used on inpu
t line 1094.
(pdftex.def)             Requested size: 137.82246pt x 104.79128pt.
Package epstopdf Info: Source file: <pic/testNJPT3D_err.eps>
(epstopdf)                    date: 2019-08-24 16:59:22
(epstopdf)                    size: 14347 bytes
(epstopdf)             Output file: <pic/testNJPT3D_err-eps-converted-to.pdf>
(epstopdf)                    date: 2019-08-24 17:07:18
(epstopdf)                    size: 5307 bytes
(epstopdf)             Command: <repstopdf --outfile=pic/testNJPT3D_err-eps-con
verted-to.pdf pic/testNJPT3D_err.eps>
(epstopdf)             \includegraphics on input line 1095.
Package epstopdf Info: Output file is already uptodate.
<pic/testNJPT3D_err-eps-converted-to.pdf, id=473, 510.90875pt x 394.47375pt>
File: pic/testNJPT3D_err-eps-converted-to.pdf Graphic file (type pdf)
<use pic/testNJPT3D_err-eps-converted-to.pdf>
Package pdftex.def Info: pic/testNJPT3D_err-eps-converted-to.pdf  used on input
 line 1095.
(pdftex.def)             Requested size: 135.71759pt x 104.79128pt.
 [17 <./pic/Comp_RSFFT_CHEBNF_uni2_3D-eps-converted-to.pdf> <./pic/Comp_RSFFT_C
HEBNF_uni1_3D-eps-converted-to.pdf> <./pic/CompFN_rank_uni_3D-eps-converted-to.
pdf> <./pic/CompFN_relerr_uni_3D-eps-converted-to.pdf>] [18 <./pic/testJPT2D_ti
me-eps-converted-to.pdf> <./pic/testJPT2D_rank-eps-converted-to.pdf> <./pic/tes
tJPT2D_err-eps-converted-to.pdf> <./pic/testinvJPT2D_time-eps-converted-to.pdf>
 <./pic/testinvJPT2D_rank-eps-converted-to.pdf> <./pic/testinvJPT2D_err-eps-con
verted-to.pdf> <./pic/testNJPT2D_time-eps-converted-to.pdf> <./pic/testNJPT2D_r
ank-eps-converted-to.pdf> <./pic/testNJPT2D_err-eps-converted-to.pdf>]

Package hyperref Warning: Token not allowed in a PDF string (PDFDocEncoding):
(hyperref)                removing `math shift' on input line 1124.


Package hyperref Warning: Token not allowed in a PDF string (PDFDocEncoding):
(hyperref)                removing `math shift' on input line 1124.


Package hyperref Warning: Token not allowed in a PDF string (PDFDocEncoding):
(hyperref)                removing `math shift' on input line 1124.


Package hyperref Warning: Token not allowed in a PDF string (PDFDocEncoding):
(hyperref)                removing `math shift' on input line 1124.


Package hyperref Warning: Token not allowed in a PDF string (PDFDocEncoding):
(hyperref)                removing `math shift' on input line 1124.


Package hyperref Warning: Token not allowed in a PDF string (PDFDocEncoding):
(hyperref)                removing `math shift' on input line 1124.

[19 <./pic/testJPT3D_time-eps-converted-to.pdf> <./pic/testJPT3D_rank-eps-conve
rted-to.pdf> <./pic/testJPT3D_err-eps-converted-to.pdf> <./pic/testinvJPT3D_tim
e-eps-converted-to.pdf> <./pic/testinvJPT3D_rank-eps-converted-to.pdf> <./pic/t
estinvJPT3D_err-eps-converted-to.pdf> <./pic/testNJPT3D_time-eps-converted-to.p
df> <./pic/testNJPT3D_rank-eps-converted-to.pdf> <./pic/testNJPT3D_err-eps-conv
erted-to.pdf>]

Package hyperref Warning: Token not allowed in a PDF string (PDFDocEncoding):
(hyperref)                removing `math shift' on input line 1130.


Package hyperref Warning: Token not allowed in a PDF string (PDFDocEncoding):
(hyperref)                removing `math shift' on input line 1130.


Package hyperref Warning: Token not allowed in a PDF string (PDFDocEncoding):
(hyperref)                removing `math shift' on input line 1130.


Package hyperref Warning: Token not allowed in a PDF string (PDFDocEncoding):
(hyperref)                removing `math shift' on input line 1130.


Package hyperref Warning: Token not allowed in a PDF string (PDFDocEncoding):
(hyperref)                removing `math shift' on input line 1130.


Package hyperref Warning: Token not allowed in a PDF string (PDFDocEncoding):
(hyperref)                removing `math shift' on input line 1130.

[20] (./MultiJacobi.bbl [21] [22] [23]) [24]
Package atveryend Info: Empty hook `BeforeClearDocument' on input line 1163.
Package atveryend Info: Empty hook `AfterLastShipout' on input line 1163.
 (./MultiJacobi.aux)
Package atveryend Info: Executing hook `AtVeryEndDocument' on input line 1163.
Package atveryend Info: Executing hook `AtEndAfterFileList' on input line 1163.

Package rerunfilecheck Info: File `MultiJacobi.out' has not changed.
(rerunfilecheck)             Checksum: B32FA6F8A8957407E8A9281F30D88AF7;1380.
Package atveryend Info: Empty hook `AtVeryVeryEnd' on input line 1163.
 )
(\end occurred inside a group at level 2)

### simple group (level 2) entered at line 1105 ({)
### simple group (level 1) entered at line 1105 ({)
### bottom level 
Here is how much of TeX's memory you used:
 32557 strings out of 492649
 629700 string characters out of 6133385
 768629 words of memory out of 5000000
 35717 multiletter control sequences out of 15000+600000
 549439 words of font info for 93 fonts, out of 8000000 for 9000
 1141 hyphenation exceptions out of 8191
 55i,19n,67p,10384b,514s stack positions out of 5000i,500n,10000p,200000b,80000s
<c:/texlive/2018/texmf-dist/fonts/type1/public/amsfonts/cm/cmbx
10.pfb><c:/texlive/2018/texmf-dist/fonts/type1/public/amsfonts/cm/cmbx12.pfb><c
:/texlive/2018/texmf-dist/fonts/type1/public/amsfonts/cm/cmex10.pfb><c:/texlive
/2018/texmf-dist/fonts/type1/public/amsfonts/cm/cmmi10.pfb><c:/texlive/2018/tex
mf-dist/fonts/type1/public/amsfonts/cm/cmmi6.pfb><c:/texlive/2018/texmf-dist/fo
nts/type1/public/amsfonts/cm/cmmi7.pfb><c:/texlive/2018/texmf-dist/fonts/type1/
public/amsfonts/cm/cmmi8.pfb><c:/texlive/2018/texmf-dist/fonts/type1/public/ams
fonts/cm/cmr10.pfb><c:/texlive/2018/texmf-dist/fonts/type1/public/amsfonts/cm/c
mr12.pfb><c:/texlive/2018/texmf-dist/fonts/type1/public/amsfonts/cm/cmr17.pfb><
c:/texlive/2018/texmf-dist/fonts/type1/public/amsfonts/cm/cmr6.pfb><c:/texlive/
2018/texmf-dist/fonts/type1/public/amsfonts/cm/cmr8.pfb><c:/texlive/2018/texmf-
dist/fonts/type1/public/amsfonts/cm/cmr9.pfb><c:/texlive/2018/texmf-dist/fonts/
type1/public/amsfonts/cm/cmsy10.pfb><c:/texlive/2018/texmf-dist/fonts/type1/pub
lic/amsfonts/cm/cmsy6.pfb><c:/texlive/2018/texmf-dist/fonts/type1/public/amsfon
ts/cm/cmsy8.pfb><c:/texlive/2018/texmf-dist/fonts/type1/public/amsfonts/cm/cmti
10.pfb><c:/texlive/2018/texmf-dist/fonts/type1/public/amsfonts/cm/cmtt10.pfb><c
:/texlive/2018/texmf-dist/fonts/type1/public/amsfonts/euler/eufm10.pfb><c:/texl
ive/2018/texmf-dist/fonts/type1/public/amsfonts/symbols/msbm10.pfb>
Output written on MultiJacobi.pdf (24 pages, 429937 bytes).
PDF statistics:
 737 PDF objects out of 1000 (max. 8388607)
 631 compressed objects within 7 object streams
 166 named destinations out of 1000 (max. 500000)
 269 words of extra memory for PDF output out of 10000 (max. 10000000)

